<testsuites id="" name="" tests="330" failures="127" skipped="203" errors="0" time="41.752042">
<testsuite name="ai-chat.spec.ts" timestamp="2025-07-06T12:58:43.838Z" hostname="chromium" tests="12" failures="12" skipped="0" time="0.157" errors="0">
<testcase name="AI Chat Interface › should load AI chat page" classname="ai-chat.spec.ts" time="0.015">
<failure message="ai-chat.spec.ts:16:7 should load AI chat page" type="FAILURE">
<![CDATA[  [chromium] › ai-chat.spec.ts:16:7 › AI Chat Interface › should load AI chat page ─────────────────

    Error: browserType.launch: 
    ╔══════════════════════════════════════════════════════╗
    ║ Host system is missing dependencies to run browsers. ║
    ║ Please install them with the following command:      ║
    ║                                                      ║
    ║     sudo npx playwright install-deps                 ║
    ║                                                      ║
    ║ Alternatively, use apt:                              ║
    ║     sudo apt-get install libnspr4\                   ║
    ║         libnss3\                                     ║
    ║         libasound2t64                                ║
    ║                                                      ║
    ║ <3 Playwright Team                                   ║
    ╚══════════════════════════════════════════════════════╝
]]>
</failure>
</testcase>
<testcase name="AI Chat Interface › should send and receive messages" classname="ai-chat.spec.ts" time="0.014">
<failure message="ai-chat.spec.ts:32:7 should send and receive messages" type="FAILURE">
<![CDATA[  [chromium] › ai-chat.spec.ts:32:7 › AI Chat Interface › should send and receive messages ─────────

    Error: browserType.launch: 
    ╔══════════════════════════════════════════════════════╗
    ║ Host system is missing dependencies to run browsers. ║
    ║ Please install them with the following command:      ║
    ║                                                      ║
    ║     sudo npx playwright install-deps                 ║
    ║                                                      ║
    ║ Alternatively, use apt:                              ║
    ║     sudo apt-get install libnspr4\                   ║
    ║         libnss3\                                     ║
    ║         libasound2t64                                ║
    ║                                                      ║
    ║ <3 Playwright Team                                   ║
    ╚══════════════════════════════════════════════════════╝
]]>
</failure>
</testcase>
<testcase name="AI Chat Interface › should display conversation history" classname="ai-chat.spec.ts" time="0.01">
<failure message="ai-chat.spec.ts:63:7 should display conversation history" type="FAILURE">
<![CDATA[  [chromium] › ai-chat.spec.ts:63:7 › AI Chat Interface › should display conversation history ──────

    Error: browserType.launch: 
    ╔══════════════════════════════════════════════════════╗
    ║ Host system is missing dependencies to run browsers. ║
    ║ Please install them with the following command:      ║
    ║                                                      ║
    ║     sudo npx playwright install-deps                 ║
    ║                                                      ║
    ║ Alternatively, use apt:                              ║
    ║     sudo apt-get install libnspr4\                   ║
    ║         libnss3\                                     ║
    ║         libasound2t64                                ║
    ║                                                      ║
    ║ <3 Playwright Team                                   ║
    ╚══════════════════════════════════════════════════════╝
]]>
</failure>
</testcase>
<testcase name="AI Chat Interface › should handle typing indicators" classname="ai-chat.spec.ts" time="0.009">
<failure message="ai-chat.spec.ts:93:7 should handle typing indicators" type="FAILURE">
<![CDATA[  [chromium] › ai-chat.spec.ts:93:7 › AI Chat Interface › should handle typing indicators ──────────

    Error: browserType.launch: 
    ╔══════════════════════════════════════════════════════╗
    ║ Host system is missing dependencies to run browsers. ║
    ║ Please install them with the following command:      ║
    ║                                                      ║
    ║     sudo npx playwright install-deps                 ║
    ║                                                      ║
    ║ Alternatively, use apt:                              ║
    ║     sudo apt-get install libnspr4\                   ║
    ║         libnss3\                                     ║
    ║         libasound2t64                                ║
    ║                                                      ║
    ║ <3 Playwright Team                                   ║
    ╚══════════════════════════════════════════════════════╝
]]>
</failure>
</testcase>
<testcase name="AI Chat Interface › should handle financial data queries" classname="ai-chat.spec.ts" time="0.008">
<failure message="ai-chat.spec.ts:129:7 should handle financial data queries" type="FAILURE">
<![CDATA[  [chromium] › ai-chat.spec.ts:129:7 › AI Chat Interface › should handle financial data queries ────

    Error: browserType.launch: 
    ╔══════════════════════════════════════════════════════╗
    ║ Host system is missing dependencies to run browsers. ║
    ║ Please install them with the following command:      ║
    ║                                                      ║
    ║     sudo npx playwright install-deps                 ║
    ║                                                      ║
    ║ Alternatively, use apt:                              ║
    ║     sudo apt-get install libnspr4\                   ║
    ║         libnss3\                                     ║
    ║         libasound2t64                                ║
    ║                                                      ║
    ║ <3 Playwright Team                                   ║
    ╚══════════════════════════════════════════════════════╝
]]>
</failure>
</testcase>
<testcase name="AI Chat Interface › should display data visualizations" classname="ai-chat.spec.ts" time="0.012">
<failure message="ai-chat.spec.ts:162:7 should display data visualizations" type="FAILURE">
<![CDATA[  [chromium] › ai-chat.spec.ts:162:7 › AI Chat Interface › should display data visualizations ──────

    Error: browserType.launch: 
    ╔══════════════════════════════════════════════════════╗
    ║ Host system is missing dependencies to run browsers. ║
    ║ Please install them with the following command:      ║
    ║                                                      ║
    ║     sudo npx playwright install-deps                 ║
    ║                                                      ║
    ║ Alternatively, use apt:                              ║
    ║     sudo apt-get install libnspr4\                   ║
    ║         libnss3\                                     ║
    ║         libasound2t64                                ║
    ║                                                      ║
    ║ <3 Playwright Team                                   ║
    ╚══════════════════════════════════════════════════════╝
]]>
</failure>
</testcase>
<testcase name="AI Chat Interface › should provide message actions" classname="ai-chat.spec.ts" time="0.018">
<failure message="ai-chat.spec.ts:196:7 should provide message actions" type="FAILURE">
<![CDATA[  [chromium] › ai-chat.spec.ts:196:7 › AI Chat Interface › should provide message actions ──────────

    Error: browserType.launch: 
    ╔══════════════════════════════════════════════════════╗
    ║ Host system is missing dependencies to run browsers. ║
    ║ Please install them with the following command:      ║
    ║                                                      ║
    ║     sudo npx playwright install-deps                 ║
    ║                                                      ║
    ║ Alternatively, use apt:                              ║
    ║     sudo apt-get install libnspr4\                   ║
    ║         libnss3\                                     ║
    ║         libasound2t64                                ║
    ║                                                      ║
    ║ <3 Playwright Team                                   ║
    ╚══════════════════════════════════════════════════════╝
]]>
</failure>
</testcase>
<testcase name="AI Chat Interface › should handle conversation export" classname="ai-chat.spec.ts" time="0.011">
<failure message="ai-chat.spec.ts:227:7 should handle conversation export" type="FAILURE">
<![CDATA[  [chromium] › ai-chat.spec.ts:227:7 › AI Chat Interface › should handle conversation export ───────

    Error: browserType.launch: 
    ╔══════════════════════════════════════════════════════╗
    ║ Host system is missing dependencies to run browsers. ║
    ║ Please install them with the following command:      ║
    ║                                                      ║
    ║     sudo npx playwright install-deps                 ║
    ║                                                      ║
    ║ Alternatively, use apt:                              ║
    ║     sudo apt-get install libnspr4\                   ║
    ║         libnss3\                                     ║
    ║         libasound2t64                                ║
    ║                                                      ║
    ║ <3 Playwright Team                                   ║
    ╚══════════════════════════════════════════════════════╝
]]>
</failure>
</testcase>
<testcase name="AI Chat Interface › should clear conversation" classname="ai-chat.spec.ts" time="0.012">
<failure message="ai-chat.spec.ts:245:7 should clear conversation" type="FAILURE">
<![CDATA[  [chromium] › ai-chat.spec.ts:245:7 › AI Chat Interface › should clear conversation ───────────────

    Error: browserType.launch: 
    ╔══════════════════════════════════════════════════════╗
    ║ Host system is missing dependencies to run browsers. ║
    ║ Please install them with the following command:      ║
    ║                                                      ║
    ║     sudo npx playwright install-deps                 ║
    ║                                                      ║
    ║ Alternatively, use apt:                              ║
    ║     sudo apt-get install libnspr4\                   ║
    ║         libnss3\                                     ║
    ║         libasound2t64                                ║
    ║                                                      ║
    ║ <3 Playwright Team                                   ║
    ╚══════════════════════════════════════════════════════╝
]]>
</failure>
</testcase>
<testcase name="AI Chat Interface › should handle error responses gracefully" classname="ai-chat.spec.ts" time="0.016">
<failure message="ai-chat.spec.ts:275:7 should handle error responses gracefully" type="FAILURE">
<![CDATA[  [chromium] › ai-chat.spec.ts:275:7 › AI Chat Interface › should handle error responses gracefully 

    Error: browserType.launch: 
    ╔══════════════════════════════════════════════════════╗
    ║ Host system is missing dependencies to run browsers. ║
    ║ Please install them with the following command:      ║
    ║                                                      ║
    ║     sudo npx playwright install-deps                 ║
    ║                                                      ║
    ║ Alternatively, use apt:                              ║
    ║     sudo apt-get install libnspr4\                   ║
    ║         libnss3\                                     ║
    ║         libasound2t64                                ║
    ║                                                      ║
    ║ <3 Playwright Team                                   ║
    ╚══════════════════════════════════════════════════════╝
]]>
</failure>
</testcase>
<testcase name="AI Chat Interface › should be responsive on mobile" classname="ai-chat.spec.ts" time="0.018">
<failure message="ai-chat.spec.ts:304:7 should be responsive on mobile" type="FAILURE">
<![CDATA[  [chromium] › ai-chat.spec.ts:304:7 › AI Chat Interface › should be responsive on mobile ──────────

    Error: browserType.launch: 
    ╔══════════════════════════════════════════════════════╗
    ║ Host system is missing dependencies to run browsers. ║
    ║ Please install them with the following command:      ║
    ║                                                      ║
    ║     sudo npx playwright install-deps                 ║
    ║                                                      ║
    ║ Alternatively, use apt:                              ║
    ║     sudo apt-get install libnspr4\                   ║
    ║         libnss3\                                     ║
    ║         libasound2t64                                ║
    ║                                                      ║
    ║ <3 Playwright Team                                   ║
    ╚══════════════════════════════════════════════════════╝
]]>
</failure>
</testcase>
<testcase name="AI Chat Interface › should handle keyboard shortcuts" classname="ai-chat.spec.ts" time="0.014">
<failure message="ai-chat.spec.ts:322:7 should handle keyboard shortcuts" type="FAILURE">
<![CDATA[  [chromium] › ai-chat.spec.ts:322:7 › AI Chat Interface › should handle keyboard shortcuts ────────

    Error: browserType.launch: 
    ╔══════════════════════════════════════════════════════╗
    ║ Host system is missing dependencies to run browsers. ║
    ║ Please install them with the following command:      ║
    ║                                                      ║
    ║     sudo npx playwright install-deps                 ║
    ║                                                      ║
    ║ Alternatively, use apt:                              ║
    ║     sudo apt-get install libnspr4\                   ║
    ║         libnss3\                                     ║
    ║         libasound2t64                                ║
    ║                                                      ║
    ║ <3 Playwright Team                                   ║
    ╚══════════════════════════════════════════════════════╝
]]>
</failure>
</testcase>
</testsuite>
<testsuite name="authentication.spec.ts" timestamp="2025-07-06T12:58:43.838Z" hostname="chromium" tests="10" failures="10" skipped="0" time="0.115" errors="0">
<testcase name="Authentication Flow › should display login page" classname="authentication.spec.ts" time="0.01">
<failure message="authentication.spec.ts:11:7 should display login page" type="FAILURE">
<![CDATA[  [chromium] › authentication.spec.ts:11:7 › Authentication Flow › should display login page ───────

    Error: browserType.launch: 
    ╔══════════════════════════════════════════════════════╗
    ║ Host system is missing dependencies to run browsers. ║
    ║ Please install them with the following command:      ║
    ║                                                      ║
    ║     sudo npx playwright install-deps                 ║
    ║                                                      ║
    ║ Alternatively, use apt:                              ║
    ║     sudo apt-get install libnspr4\                   ║
    ║         libnss3\                                     ║
    ║         libasound2t64                                ║
    ║                                                      ║
    ║ <3 Playwright Team                                   ║
    ╚══════════════════════════════════════════════════════╝
]]>
</failure>
</testcase>
<testcase name="Authentication Flow › should display signup page" classname="authentication.spec.ts" time="0.016">
<failure message="authentication.spec.ts:21:7 should display signup page" type="FAILURE">
<![CDATA[  [chromium] › authentication.spec.ts:21:7 › Authentication Flow › should display signup page ──────

    Error: browserType.launch: 
    ╔══════════════════════════════════════════════════════╗
    ║ Host system is missing dependencies to run browsers. ║
    ║ Please install them with the following command:      ║
    ║                                                      ║
    ║     sudo npx playwright install-deps                 ║
    ║                                                      ║
    ║ Alternatively, use apt:                              ║
    ║     sudo apt-get install libnspr4\                   ║
    ║         libnss3\                                     ║
    ║         libasound2t64                                ║
    ║                                                      ║
    ║ <3 Playwright Team                                   ║
    ╚══════════════════════════════════════════════════════╝
]]>
</failure>
</testcase>
<testcase name="Authentication Flow › should handle login form validation" classname="authentication.spec.ts" time="0.008">
<failure message="authentication.spec.ts:31:7 should handle login form validation" type="FAILURE">
<![CDATA[  [chromium] › authentication.spec.ts:31:7 › Authentication Flow › should handle login form validation 

    Error: browserType.launch: 
    ╔══════════════════════════════════════════════════════╗
    ║ Host system is missing dependencies to run browsers. ║
    ║ Please install them with the following command:      ║
    ║                                                      ║
    ║     sudo npx playwright install-deps                 ║
    ║                                                      ║
    ║ Alternatively, use apt:                              ║
    ║     sudo apt-get install libnspr4\                   ║
    ║         libnss3\                                     ║
    ║         libasound2t64                                ║
    ║                                                      ║
    ║ <3 Playwright Team                                   ║
    ╚══════════════════════════════════════════════════════╝
]]>
</failure>
</testcase>
<testcase name="Authentication Flow › should handle invalid login credentials" classname="authentication.spec.ts" time="0.017">
<failure message="authentication.spec.ts:42:7 should handle invalid login credentials" type="FAILURE">
<![CDATA[  [chromium] › authentication.spec.ts:42:7 › Authentication Flow › should handle invalid login credentials 

    Error: browserType.launch: 
    ╔══════════════════════════════════════════════════════╗
    ║ Host system is missing dependencies to run browsers. ║
    ║ Please install them with the following command:      ║
    ║                                                      ║
    ║     sudo npx playwright install-deps                 ║
    ║                                                      ║
    ║ Alternatively, use apt:                              ║
    ║     sudo apt-get install libnspr4\                   ║
    ║         libnss3\                                     ║
    ║         libasound2t64                                ║
    ║                                                      ║
    ║ <3 Playwright Team                                   ║
    ╚══════════════════════════════════════════════════════╝
]]>
</failure>
</testcase>
<testcase name="Authentication Flow › should redirect unauthenticated users from protected routes" classname="authentication.spec.ts" time="0.009">
<failure message="authentication.spec.ts:59:7 should redirect unauthenticated users from protected routes" type="FAILURE">
<![CDATA[  [chromium] › authentication.spec.ts:59:7 › Authentication Flow › should redirect unauthenticated users from protected routes 

    Error: browserType.launch: 
    ╔══════════════════════════════════════════════════════╗
    ║ Host system is missing dependencies to run browsers. ║
    ║ Please install them with the following command:      ║
    ║                                                      ║
    ║     sudo npx playwright install-deps                 ║
    ║                                                      ║
    ║ Alternatively, use apt:                              ║
    ║     sudo apt-get install libnspr4\                   ║
    ║         libnss3\                                     ║
    ║         libasound2t64                                ║
    ║                                                      ║
    ║ <3 Playwright Team                                   ║
    ╚══════════════════════════════════════════════════════╝
]]>
</failure>
</testcase>
<testcase name="Authentication Flow › should navigate between login and signup" classname="authentication.spec.ts" time="0.008">
<failure message="authentication.spec.ts:72:7 should navigate between login and signup" type="FAILURE">
<![CDATA[  [chromium] › authentication.spec.ts:72:7 › Authentication Flow › should navigate between login and signup 

    Error: browserType.launch: 
    ╔══════════════════════════════════════════════════════╗
    ║ Host system is missing dependencies to run browsers. ║
    ║ Please install them with the following command:      ║
    ║                                                      ║
    ║     sudo npx playwright install-deps                 ║
    ║                                                      ║
    ║ Alternatively, use apt:                              ║
    ║     sudo apt-get install libnspr4\                   ║
    ║         libnss3\                                     ║
    ║         libasound2t64                                ║
    ║                                                      ║
    ║ <3 Playwright Team                                   ║
    ╚══════════════════════════════════════════════════════╝
]]>
</failure>
</testcase>
<testcase name="Authentication Flow › should show password visibility toggle" classname="authentication.spec.ts" time="0.016">
<failure message="authentication.spec.ts:92:7 should show password visibility toggle" type="FAILURE">
<![CDATA[  [chromium] › authentication.spec.ts:92:7 › Authentication Flow › should show password visibility toggle 

    Error: browserType.launch: 
    ╔══════════════════════════════════════════════════════╗
    ║ Host system is missing dependencies to run browsers. ║
    ║ Please install them with the following command:      ║
    ║                                                      ║
    ║     sudo npx playwright install-deps                 ║
    ║                                                      ║
    ║ Alternatively, use apt:                              ║
    ║     sudo apt-get install libnspr4\                   ║
    ║         libnss3\                                     ║
    ║         libasound2t64                                ║
    ║                                                      ║
    ║ <3 Playwright Team                                   ║
    ╚══════════════════════════════════════════════════════╝
]]>
</failure>
</testcase>
<testcase name="Authentication Flow › should handle forgot password link" classname="authentication.spec.ts" time="0.009">
<failure message="authentication.spec.ts:108:7 should handle forgot password link" type="FAILURE">
<![CDATA[  [chromium] › authentication.spec.ts:108:7 › Authentication Flow › should handle forgot password link 

    Error: browserType.launch: 
    ╔══════════════════════════════════════════════════════╗
    ║ Host system is missing dependencies to run browsers. ║
    ║ Please install them with the following command:      ║
    ║                                                      ║
    ║     sudo npx playwright install-deps                 ║
    ║                                                      ║
    ║ Alternatively, use apt:                              ║
    ║     sudo apt-get install libnspr4\                   ║
    ║         libnss3\                                     ║
    ║         libasound2t64                                ║
    ║                                                      ║
    ║ <3 Playwright Team                                   ║
    ╚══════════════════════════════════════════════════════╝
]]>
</failure>
</testcase>
<testcase name="Authenticated User Flow › should access dashboard when authenticated" classname="authentication.spec.ts" time="0.011">
<failure message="authentication.spec.ts:134:7 should access dashboard when authenticated" type="FAILURE">
<![CDATA[  [chromium] › authentication.spec.ts:134:7 › Authenticated User Flow › should access dashboard when authenticated 

    Error: browserType.launch: 
    ╔══════════════════════════════════════════════════════╗
    ║ Host system is missing dependencies to run browsers. ║
    ║ Please install them with the following command:      ║
    ║                                                      ║
    ║     sudo npx playwright install-deps                 ║
    ║                                                      ║
    ║ Alternatively, use apt:                              ║
    ║     sudo apt-get install libnspr4\                   ║
    ║         libnss3\                                     ║
    ║         libasound2t64                                ║
    ║                                                      ║
    ║ <3 Playwright Team                                   ║
    ╚══════════════════════════════════════════════════════╝
]]>
</failure>
</testcase>
<testcase name="Authenticated User Flow › should show navigation menu when authenticated" classname="authentication.spec.ts" time="0.011">
<failure message="authentication.spec.ts:146:7 should show navigation menu when authenticated" type="FAILURE">
<![CDATA[  [chromium] › authentication.spec.ts:146:7 › Authenticated User Flow › should show navigation menu when authenticated 

    Error: browserType.launch: 
    ╔══════════════════════════════════════════════════════╗
    ║ Host system is missing dependencies to run browsers. ║
    ║ Please install them with the following command:      ║
    ║                                                      ║
    ║     sudo npx playwright install-deps                 ║
    ║                                                      ║
    ║ Alternatively, use apt:                              ║
    ║     sudo apt-get install libnspr4\                   ║
    ║         libnss3\                                     ║
    ║         libasound2t64                                ║
    ║                                                      ║
    ║ <3 Playwright Team                                   ║
    ╚══════════════════════════════════════════════════════╝
]]>
</failure>
</testcase>
</testsuite>
<testsuite name="dashboard.spec.ts" timestamp="2025-07-06T12:58:43.838Z" hostname="chromium" tests="9" failures="9" skipped="0" time="0.078" errors="0">
<testcase name="Dashboard › should load dashboard with overview cards" classname="dashboard.spec.ts" time="0.01">
<failure message="dashboard.spec.ts:16:7 should load dashboard with overview cards" type="FAILURE">
<![CDATA[  [chromium] › dashboard.spec.ts:16:7 › Dashboard › should load dashboard with overview cards ──────

    Error: browserType.launch: 
    ╔══════════════════════════════════════════════════════╗
    ║ Host system is missing dependencies to run browsers. ║
    ║ Please install them with the following command:      ║
    ║                                                      ║
    ║     sudo npx playwright install-deps                 ║
    ║                                                      ║
    ║ Alternatively, use apt:                              ║
    ║     sudo apt-get install libnspr4\                   ║
    ║         libnss3\                                     ║
    ║         libasound2t64                                ║
    ║                                                      ║
    ║ <3 Playwright Team                                   ║
    ╚══════════════════════════════════════════════════════╝
]]>
</failure>
</testcase>
<testcase name="Dashboard › should display account balance information" classname="dashboard.spec.ts" time="0.011">
<failure message="dashboard.spec.ts:39:7 should display account balance information" type="FAILURE">
<![CDATA[  [chromium] › dashboard.spec.ts:39:7 › Dashboard › should display account balance information ─────

    Error: browserType.launch: 
    ╔══════════════════════════════════════════════════════╗
    ║ Host system is missing dependencies to run browsers. ║
    ║ Please install them with the following command:      ║
    ║                                                      ║
    ║     sudo npx playwright install-deps                 ║
    ║                                                      ║
    ║ Alternatively, use apt:                              ║
    ║     sudo apt-get install libnspr4\                   ║
    ║         libnss3\                                     ║
    ║         libasound2t64                                ║
    ║                                                      ║
    ║ <3 Playwright Team                                   ║
    ╚══════════════════════════════════════════════════════╝
]]>
</failure>
</testcase>
<testcase name="Dashboard › should show recent transactions" classname="dashboard.spec.ts" time="0.007">
<failure message="dashboard.spec.ts:72:7 should show recent transactions" type="FAILURE">
<![CDATA[  [chromium] › dashboard.spec.ts:72:7 › Dashboard › should show recent transactions ────────────────

    Error: browserType.launch: 
    ╔══════════════════════════════════════════════════════╗
    ║ Host system is missing dependencies to run browsers. ║
    ║ Please install them with the following command:      ║
    ║                                                      ║
    ║     sudo npx playwright install-deps                 ║
    ║                                                      ║
    ║ Alternatively, use apt:                              ║
    ║     sudo apt-get install libnspr4\                   ║
    ║         libnss3\                                     ║
    ║         libasound2t64                                ║
    ║                                                      ║
    ║ <3 Playwright Team                                   ║
    ╚══════════════════════════════════════════════════════╝
]]>
</failure>
</testcase>
<testcase name="Dashboard › should display spending breakdown chart" classname="dashboard.spec.ts" time="0.011">
<failure message="dashboard.spec.ts:103:7 should display spending breakdown chart" type="FAILURE">
<![CDATA[  [chromium] › dashboard.spec.ts:103:7 › Dashboard › should display spending breakdown chart ───────

    Error: browserType.launch: 
    ╔══════════════════════════════════════════════════════╗
    ║ Host system is missing dependencies to run browsers. ║
    ║ Please install them with the following command:      ║
    ║                                                      ║
    ║     sudo npx playwright install-deps                 ║
    ║                                                      ║
    ║ Alternatively, use apt:                              ║
    ║     sudo apt-get install libnspr4\                   ║
    ║         libnss3\                                     ║
    ║         libasound2t64                                ║
    ║                                                      ║
    ║ <3 Playwright Team                                   ║
    ╚══════════════════════════════════════════════════════╝
]]>
</failure>
</testcase>
<testcase name="Dashboard › should navigate to different sections from dashboard" classname="dashboard.spec.ts" time="0.008">
<failure message="dashboard.spec.ts:124:7 should navigate to different sections from dashboard" type="FAILURE">
<![CDATA[  [chromium] › dashboard.spec.ts:124:7 › Dashboard › should navigate to different sections from dashboard 

    Error: browserType.launch: 
    ╔══════════════════════════════════════════════════════╗
    ║ Host system is missing dependencies to run browsers. ║
    ║ Please install them with the following command:      ║
    ║                                                      ║
    ║     sudo npx playwright install-deps                 ║
    ║                                                      ║
    ║ Alternatively, use apt:                              ║
    ║     sudo apt-get install libnspr4\                   ║
    ║         libnss3\                                     ║
    ║         libasound2t64                                ║
    ║                                                      ║
    ║ <3 Playwright Team                                   ║
    ╚══════════════════════════════════════════════════════╝
]]>
</failure>
</testcase>
<testcase name="Dashboard › should handle loading states" classname="dashboard.spec.ts" time="0.008">
<failure message="dashboard.spec.ts:137:7 should handle loading states" type="FAILURE">
<![CDATA[  [chromium] › dashboard.spec.ts:137:7 › Dashboard › should handle loading states ──────────────────

    Error: browserType.launch: 
    ╔══════════════════════════════════════════════════════╗
    ║ Host system is missing dependencies to run browsers. ║
    ║ Please install them with the following command:      ║
    ║                                                      ║
    ║     sudo npx playwright install-deps                 ║
    ║                                                      ║
    ║ Alternatively, use apt:                              ║
    ║     sudo apt-get install libnspr4\                   ║
    ║         libnss3\                                     ║
    ║         libasound2t64                                ║
    ║                                                      ║
    ║ <3 Playwright Team                                   ║
    ╚══════════════════════════════════════════════════════╝
]]>
</failure>
</testcase>
<testcase name="Dashboard › should handle error states gracefully" classname="dashboard.spec.ts" time="0.007">
<failure message="dashboard.spec.ts:163:7 should handle error states gracefully" type="FAILURE">
<![CDATA[  [chromium] › dashboard.spec.ts:163:7 › Dashboard › should handle error states gracefully ─────────

    Error: browserType.launch: 
    ╔══════════════════════════════════════════════════════╗
    ║ Host system is missing dependencies to run browsers. ║
    ║ Please install them with the following command:      ║
    ║                                                      ║
    ║     sudo npx playwright install-deps                 ║
    ║                                                      ║
    ║ Alternatively, use apt:                              ║
    ║     sudo apt-get install libnspr4\                   ║
    ║         libnss3\                                     ║
    ║         libasound2t64                                ║
    ║                                                      ║
    ║ <3 Playwright Team                                   ║
    ╚══════════════════════════════════════════════════════╝
]]>
</failure>
</testcase>
<testcase name="Dashboard › should be responsive on mobile devices" classname="dashboard.spec.ts" time="0.007">
<failure message="dashboard.spec.ts:184:7 should be responsive on mobile devices" type="FAILURE">
<![CDATA[  [chromium] › dashboard.spec.ts:184:7 › Dashboard › should be responsive on mobile devices ────────

    Error: browserType.launch: 
    ╔══════════════════════════════════════════════════════╗
    ║ Host system is missing dependencies to run browsers. ║
    ║ Please install them with the following command:      ║
    ║                                                      ║
    ║     sudo npx playwright install-deps                 ║
    ║                                                      ║
    ║ Alternatively, use apt:                              ║
    ║     sudo apt-get install libnspr4\                   ║
    ║         libnss3\                                     ║
    ║         libasound2t64                                ║
    ║                                                      ║
    ║ <3 Playwright Team                                   ║
    ╚══════════════════════════════════════════════════════╝
]]>
</failure>
</testcase>
<testcase name="Dashboard › should update data when refresh button is clicked" classname="dashboard.spec.ts" time="0.009">
<failure message="dashboard.spec.ts:205:7 should update data when refresh button is clicked" type="FAILURE">
<![CDATA[  [chromium] › dashboard.spec.ts:205:7 › Dashboard › should update data when refresh button is clicked 

    Error: browserType.launch: 
    ╔══════════════════════════════════════════════════════╗
    ║ Host system is missing dependencies to run browsers. ║
    ║ Please install them with the following command:      ║
    ║                                                      ║
    ║     sudo npx playwright install-deps                 ║
    ║                                                      ║
    ║ Alternatively, use apt:                              ║
    ║     sudo apt-get install libnspr4\                   ║
    ║         libnss3\                                     ║
    ║         libasound2t64                                ║
    ║                                                      ║
    ║ <3 Playwright Team                                   ║
    ╚══════════════════════════════════════════════════════╝
]]>
</failure>
</testcase>
</testsuite>
<testsuite name="homepage.spec.ts" timestamp="2025-07-06T12:58:43.838Z" hostname="chromium" tests="5" failures="5" skipped="0" time="0.042" errors="0">
<testcase name="Homepage › should load homepage without errors" classname="homepage.spec.ts" time="0.008">
<failure message="homepage.spec.ts:5:7 should load homepage without errors" type="FAILURE">
<![CDATA[  [chromium] › homepage.spec.ts:5:7 › Homepage › should load homepage without errors ───────────────

    Error: browserType.launch: 
    ╔══════════════════════════════════════════════════════╗
    ║ Host system is missing dependencies to run browsers. ║
    ║ Please install them with the following command:      ║
    ║                                                      ║
    ║     sudo npx playwright install-deps                 ║
    ║                                                      ║
    ║ Alternatively, use apt:                              ║
    ║     sudo apt-get install libnspr4\                   ║
    ║         libnss3\                                     ║
    ║         libasound2t64                                ║
    ║                                                      ║
    ║ <3 Playwright Team                                   ║
    ╚══════════════════════════════════════════════════════╝
]]>
</failure>
</testcase>
<testcase name="Homepage › should display navigation elements" classname="homepage.spec.ts" time="0.009">
<failure message="homepage.spec.ts:19:7 should display navigation elements" type="FAILURE">
<![CDATA[  [chromium] › homepage.spec.ts:19:7 › Homepage › should display navigation elements ───────────────

    Error: browserType.launch: 
    ╔══════════════════════════════════════════════════════╗
    ║ Host system is missing dependencies to run browsers. ║
    ║ Please install them with the following command:      ║
    ║                                                      ║
    ║     sudo npx playwright install-deps                 ║
    ║                                                      ║
    ║ Alternatively, use apt:                              ║
    ║     sudo apt-get install libnspr4\                   ║
    ║         libnss3\                                     ║
    ║         libasound2t64                                ║
    ║                                                      ║
    ║ <3 Playwright Team                                   ║
    ╚══════════════════════════════════════════════════════╝
]]>
</failure>
</testcase>
<testcase name="Homepage › should have proper meta tags for SEO" classname="homepage.spec.ts" time="0.008">
<failure message="homepage.spec.ts:31:7 should have proper meta tags for SEO" type="FAILURE">
<![CDATA[  [chromium] › homepage.spec.ts:31:7 › Homepage › should have proper meta tags for SEO ─────────────

    Error: browserType.launch: 
    ╔══════════════════════════════════════════════════════╗
    ║ Host system is missing dependencies to run browsers. ║
    ║ Please install them with the following command:      ║
    ║                                                      ║
    ║     sudo npx playwright install-deps                 ║
    ║                                                      ║
    ║ Alternatively, use apt:                              ║
    ║     sudo apt-get install libnspr4\                   ║
    ║         libnss3\                                     ║
    ║         libasound2t64                                ║
    ║                                                      ║
    ║ <3 Playwright Team                                   ║
    ╚══════════════════════════════════════════════════════╝
]]>
</failure>
</testcase>
<testcase name="Homepage › should be responsive on mobile" classname="homepage.spec.ts" time="0.008">
<failure message="homepage.spec.ts:43:7 should be responsive on mobile" type="FAILURE">
<![CDATA[  [chromium] › homepage.spec.ts:43:7 › Homepage › should be responsive on mobile ───────────────────

    Error: browserType.launch: 
    ╔══════════════════════════════════════════════════════╗
    ║ Host system is missing dependencies to run browsers. ║
    ║ Please install them with the following command:      ║
    ║                                                      ║
    ║     sudo npx playwright install-deps                 ║
    ║                                                      ║
    ║ Alternatively, use apt:                              ║
    ║     sudo apt-get install libnspr4\                   ║
    ║         libnss3\                                     ║
    ║         libasound2t64                                ║
    ║                                                      ║
    ║ <3 Playwright Team                                   ║
    ╚══════════════════════════════════════════════════════╝
]]>
</failure>
</testcase>
<testcase name="Homepage › should handle dark mode toggle if available" classname="homepage.spec.ts" time="0.009">
<failure message="homepage.spec.ts:57:7 should handle dark mode toggle if available" type="FAILURE">
<![CDATA[  [chromium] › homepage.spec.ts:57:7 › Homepage › should handle dark mode toggle if available ──────

    Error: browserType.launch: 
    ╔══════════════════════════════════════════════════════╗
    ║ Host system is missing dependencies to run browsers. ║
    ║ Please install them with the following command:      ║
    ║                                                      ║
    ║     sudo npx playwright install-deps                 ║
    ║                                                      ║
    ║ Alternatively, use apt:                              ║
    ║     sudo apt-get install libnspr4\                   ║
    ║         libnss3\                                     ║
    ║         libasound2t64                                ║
    ║                                                      ║
    ║ <3 Playwright Team                                   ║
    ╚══════════════════════════════════════════════════════╝
]]>
</failure>
</testcase>
</testsuite>
<testsuite name="plaid-integration.spec.ts" timestamp="2025-07-06T12:58:43.838Z" hostname="chromium" tests="8" failures="8" skipped="0" time="0.08" errors="0">
<testcase name="Plaid Integration › should display account connection interface" classname="plaid-integration.spec.ts" time="0.012">
<failure message="plaid-integration.spec.ts:17:7 should display account connection interface" type="FAILURE">
<![CDATA[  [chromium] › plaid-integration.spec.ts:17:7 › Plaid Integration › should display account connection interface 

    Error: browserType.launch: 
    ╔══════════════════════════════════════════════════════╗
    ║ Host system is missing dependencies to run browsers. ║
    ║ Please install them with the following command:      ║
    ║                                                      ║
    ║     sudo npx playwright install-deps                 ║
    ║                                                      ║
    ║ Alternatively, use apt:                              ║
    ║     sudo apt-get install libnspr4\                   ║
    ║         libnss3\                                     ║
    ║         libasound2t64                                ║
    ║                                                      ║
    ║ <3 Playwright Team                                   ║
    ╚══════════════════════════════════════════════════════╝
]]>
</failure>
</testcase>
<testcase name="Plaid Integration › should open Plaid Link when connecting new account" classname="plaid-integration.spec.ts" time="0.008">
<failure message="plaid-integration.spec.ts:26:7 should open Plaid Link when connecting new account" type="FAILURE">
<![CDATA[  [chromium] › plaid-integration.spec.ts:26:7 › Plaid Integration › should open Plaid Link when connecting new account 

    Error: browserType.launch: 
    ╔══════════════════════════════════════════════════════╗
    ║ Host system is missing dependencies to run browsers. ║
    ║ Please install them with the following command:      ║
    ║                                                      ║
    ║     sudo npx playwright install-deps                 ║
    ║                                                      ║
    ║ Alternatively, use apt:                              ║
    ║     sudo apt-get install libnspr4\                   ║
    ║         libnss3\                                     ║
    ║         libasound2t64                                ║
    ║                                                      ║
    ║ <3 Playwright Team                                   ║
    ╚══════════════════════════════════════════════════════╝
]]>
</failure>
</testcase>
<testcase name="Plaid Integration › should handle Plaid Link success and exchange token" classname="plaid-integration.spec.ts" time="0.01">
<failure message="plaid-integration.spec.ts:83:7 should handle Plaid Link success and exchange token" type="FAILURE">
<![CDATA[  [chromium] › plaid-integration.spec.ts:83:7 › Plaid Integration › should handle Plaid Link success and exchange token 

    Error: browserType.launch: 
    ╔══════════════════════════════════════════════════════╗
    ║ Host system is missing dependencies to run browsers. ║
    ║ Please install them with the following command:      ║
    ║                                                      ║
    ║     sudo npx playwright install-deps                 ║
    ║                                                      ║
    ║ Alternatively, use apt:                              ║
    ║     sudo apt-get install libnspr4\                   ║
    ║         libnss3\                                     ║
    ║         libasound2t64                                ║
    ║                                                      ║
    ║ <3 Playwright Team                                   ║
    ╚══════════════════════════════════════════════════════╝
]]>
</failure>
</testcase>
<testcase name="Plaid Integration › should display connected accounts list" classname="plaid-integration.spec.ts" time="0.009">
<failure message="plaid-integration.spec.ts:127:7 should display connected accounts list" type="FAILURE">
<![CDATA[  [chromium] › plaid-integration.spec.ts:127:7 › Plaid Integration › should display connected accounts list 

    Error: browserType.launch: 
    ╔══════════════════════════════════════════════════════╗
    ║ Host system is missing dependencies to run browsers. ║
    ║ Please install them with the following command:      ║
    ║                                                      ║
    ║     sudo npx playwright install-deps                 ║
    ║                                                      ║
    ║ Alternatively, use apt:                              ║
    ║     sudo apt-get install libnspr4\                   ║
    ║         libnss3\                                     ║
    ║         libasound2t64                                ║
    ║                                                      ║
    ║ <3 Playwright Team                                   ║
    ╚══════════════════════════════════════════════════════╝
]]>
</failure>
</testcase>
<testcase name="Plaid Integration › should handle account removal" classname="plaid-integration.spec.ts" time="0.012">
<failure message="plaid-integration.spec.ts:164:7 should handle account removal" type="FAILURE">
<![CDATA[  [chromium] › plaid-integration.spec.ts:164:7 › Plaid Integration › should handle account removal ─

    Error: browserType.launch: 
    ╔══════════════════════════════════════════════════════╗
    ║ Host system is missing dependencies to run browsers. ║
    ║ Please install them with the following command:      ║
    ║                                                      ║
    ║     sudo npx playwright install-deps                 ║
    ║                                                      ║
    ║ Alternatively, use apt:                              ║
    ║     sudo apt-get install libnspr4\                   ║
    ║         libnss3\                                     ║
    ║         libasound2t64                                ║
    ║                                                      ║
    ║ <3 Playwright Team                                   ║
    ╚══════════════════════════════════════════════════════╝
]]>
</failure>
</testcase>
<testcase name="Plaid Integration › should handle Plaid Link errors gracefully" classname="plaid-integration.spec.ts" time="0.013">
<failure message="plaid-integration.spec.ts:208:7 should handle Plaid Link errors gracefully" type="FAILURE">
<![CDATA[  [chromium] › plaid-integration.spec.ts:208:7 › Plaid Integration › should handle Plaid Link errors gracefully 

    Error: browserType.launch: 
    ╔══════════════════════════════════════════════════════╗
    ║ Host system is missing dependencies to run browsers. ║
    ║ Please install them with the following command:      ║
    ║                                                      ║
    ║     sudo npx playwright install-deps                 ║
    ║                                                      ║
    ║ Alternatively, use apt:                              ║
    ║     sudo apt-get install libnspr4\                   ║
    ║         libnss3\                                     ║
    ║         libasound2t64                                ║
    ║                                                      ║
    ║ <3 Playwright Team                                   ║
    ╚══════════════════════════════════════════════════════╝
]]>
</failure>
</testcase>
<testcase name="Plaid Integration › should refresh account data" classname="plaid-integration.spec.ts" time="0.007">
<failure message="plaid-integration.spec.ts:245:7 should refresh account data" type="FAILURE">
<![CDATA[  [chromium] › plaid-integration.spec.ts:245:7 › Plaid Integration › should refresh account data ───

    Error: browserType.launch: 
    ╔══════════════════════════════════════════════════════╗
    ║ Host system is missing dependencies to run browsers. ║
    ║ Please install them with the following command:      ║
    ║                                                      ║
    ║     sudo npx playwright install-deps                 ║
    ║                                                      ║
    ║ Alternatively, use apt:                              ║
    ║     sudo apt-get install libnspr4\                   ║
    ║         libnss3\                                     ║
    ║         libasound2t64                                ║
    ║                                                      ║
    ║ <3 Playwright Team                                   ║
    ╚══════════════════════════════════════════════════════╝
]]>
</failure>
</testcase>
<testcase name="Plaid Integration › should display account types correctly" classname="plaid-integration.spec.ts" time="0.009">
<failure message="plaid-integration.spec.ts:285:7 should display account types correctly" type="FAILURE">
<![CDATA[  [chromium] › plaid-integration.spec.ts:285:7 › Plaid Integration › should display account types correctly 

    Error: browserType.launch: 
    ╔══════════════════════════════════════════════════════╗
    ║ Host system is missing dependencies to run browsers. ║
    ║ Please install them with the following command:      ║
    ║                                                      ║
    ║     sudo npx playwright install-deps                 ║
    ║                                                      ║
    ║ Alternatively, use apt:                              ║
    ║     sudo apt-get install libnspr4\                   ║
    ║         libnss3\                                     ║
    ║         libasound2t64                                ║
    ║                                                      ║
    ║ <3 Playwright Team                                   ║
    ╚══════════════════════════════════════════════════════╝
]]>
</failure>
</testcase>
</testsuite>
<testsuite name="spending-trends.spec.ts" timestamp="2025-07-06T12:58:43.838Z" hostname="chromium" tests="12" failures="12" skipped="0" time="0.113" errors="0">
<testcase name="Spending Trends Analysis › should load spending trends page" classname="spending-trends.spec.ts" time="0.009">
<failure message="spending-trends.spec.ts:15:7 should load spending trends page" type="FAILURE">
<![CDATA[  [chromium] › spending-trends.spec.ts:15:7 › Spending Trends Analysis › should load spending trends page 

    Error: browserType.launch: 
    ╔══════════════════════════════════════════════════════╗
    ║ Host system is missing dependencies to run browsers. ║
    ║ Please install them with the following command:      ║
    ║                                                      ║
    ║     sudo npx playwright install-deps                 ║
    ║                                                      ║
    ║ Alternatively, use apt:                              ║
    ║     sudo apt-get install libnspr4\                   ║
    ║         libnss3\                                     ║
    ║         libasound2t64                                ║
    ║                                                      ║
    ║ <3 Playwright Team                                   ║
    ╚══════════════════════════════════════════════════════╝
]]>
</failure>
</testcase>
<testcase name="Spending Trends Analysis › should display analysis type options" classname="spending-trends.spec.ts" time="0.012">
<failure message="spending-trends.spec.ts:55:7 should display analysis type options" type="FAILURE">
<![CDATA[  [chromium] › spending-trends.spec.ts:55:7 › Spending Trends Analysis › should display analysis type options 

    Error: browserType.launch: 
    ╔══════════════════════════════════════════════════════╗
    ║ Host system is missing dependencies to run browsers. ║
    ║ Please install them with the following command:      ║
    ║                                                      ║
    ║     sudo npx playwright install-deps                 ║
    ║                                                      ║
    ║ Alternatively, use apt:                              ║
    ║     sudo apt-get install libnspr4\                   ║
    ║         libnss3\                                     ║
    ║         libasound2t64                                ║
    ║                                                      ║
    ║ <3 Playwright Team                                   ║
    ╚══════════════════════════════════════════════════════╝
]]>
</failure>
</testcase>
<testcase name="Spending Trends Analysis › should load and display spending trends component" classname="spending-trends.spec.ts" time="0.014">
<failure message="spending-trends.spec.ts:68:7 should load and display spending trends component" type="FAILURE">
<![CDATA[  [chromium] › spending-trends.spec.ts:68:7 › Spending Trends Analysis › should load and display spending trends component 

    Error: browserType.launch: 
    ╔══════════════════════════════════════════════════════╗
    ║ Host system is missing dependencies to run browsers. ║
    ║ Please install them with the following command:      ║
    ║                                                      ║
    ║     sudo npx playwright install-deps                 ║
    ║                                                      ║
    ║ Alternatively, use apt:                              ║
    ║     sudo apt-get install libnspr4\                   ║
    ║         libnss3\                                     ║
    ║         libasound2t64                                ║
    ║                                                      ║
    ║ <3 Playwright Team                                   ║
    ╚══════════════════════════════════════════════════════╝
]]>
</failure>
</testcase>
<testcase name="Spending Trends Analysis › should change analysis timeframe" classname="spending-trends.spec.ts" time="0.009">
<failure message="spending-trends.spec.ts:100:7 should change analysis timeframe" type="FAILURE">
<![CDATA[  [chromium] › spending-trends.spec.ts:100:7 › Spending Trends Analysis › should change analysis timeframe 

    Error: browserType.launch: 
    ╔══════════════════════════════════════════════════════╗
    ║ Host system is missing dependencies to run browsers. ║
    ║ Please install them with the following command:      ║
    ║                                                      ║
    ║     sudo npx playwright install-deps                 ║
    ║                                                      ║
    ║ Alternatively, use apt:                              ║
    ║     sudo apt-get install libnspr4\                   ║
    ║         libnss3\                                     ║
    ║         libasound2t64                                ║
    ║                                                      ║
    ║ <3 Playwright Team                                   ║
    ╚══════════════════════════════════════════════════════╝
]]>
</failure>
</testcase>
<testcase name="Spending Trends Analysis › should change analysis type" classname="spending-trends.spec.ts" time="0.008">
<failure message="spending-trends.spec.ts:122:7 should change analysis type" type="FAILURE">
<![CDATA[  [chromium] › spending-trends.spec.ts:122:7 › Spending Trends Analysis › should change analysis type 

    Error: browserType.launch: 
    ╔══════════════════════════════════════════════════════╗
    ║ Host system is missing dependencies to run browsers. ║
    ║ Please install them with the following command:      ║
    ║                                                      ║
    ║     sudo npx playwright install-deps                 ║
    ║                                                      ║
    ║ Alternatively, use apt:                              ║
    ║     sudo apt-get install libnspr4\                   ║
    ║         libnss3\                                     ║
    ║         libasound2t64                                ║
    ║                                                      ║
    ║ <3 Playwright Team                                   ║
    ╚══════════════════════════════════════════════════════╝
]]>
</failure>
</testcase>
<testcase name="Spending Trends Analysis › should display spending charts" classname="spending-trends.spec.ts" time="0.008">
<failure message="spending-trends.spec.ts:144:7 should display spending charts" type="FAILURE">
<![CDATA[  [chromium] › spending-trends.spec.ts:144:7 › Spending Trends Analysis › should display spending charts 

    Error: browserType.launch: 
    ╔══════════════════════════════════════════════════════╗
    ║ Host system is missing dependencies to run browsers. ║
    ║ Please install them with the following command:      ║
    ║                                                      ║
    ║     sudo npx playwright install-deps                 ║
    ║                                                      ║
    ║ Alternatively, use apt:                              ║
    ║     sudo apt-get install libnspr4\                   ║
    ║         libnss3\                                     ║
    ║         libasound2t64                                ║
    ║                                                      ║
    ║ <3 Playwright Team                                   ║
    ╚══════════════════════════════════════════════════════╝
]]>
</failure>
</testcase>
<testcase name="Spending Trends Analysis › should display AI-generated insights" classname="spending-trends.spec.ts" time="0.008">
<failure message="spending-trends.spec.ts:184:7 should display AI-generated insights" type="FAILURE">
<![CDATA[  [chromium] › spending-trends.spec.ts:184:7 › Spending Trends Analysis › should display AI-generated insights 

    Error: browserType.launch: 
    ╔══════════════════════════════════════════════════════╗
    ║ Host system is missing dependencies to run browsers. ║
    ║ Please install them with the following command:      ║
    ║                                                      ║
    ║     sudo npx playwright install-deps                 ║
    ║                                                      ║
    ║ Alternatively, use apt:                              ║
    ║     sudo apt-get install libnspr4\                   ║
    ║         libnss3\                                     ║
    ║         libasound2t64                                ║
    ║                                                      ║
    ║ <3 Playwright Team                                   ║
    ╚══════════════════════════════════════════════════════╝
]]>
</failure>
</testcase>
<testcase name="Spending Trends Analysis › should display data table" classname="spending-trends.spec.ts" time="0.007">
<failure message="spending-trends.spec.ts:227:7 should display data table" type="FAILURE">
<![CDATA[  [chromium] › spending-trends.spec.ts:227:7 › Spending Trends Analysis › should display data table 

    Error: browserType.launch: 
    ╔══════════════════════════════════════════════════════╗
    ║ Host system is missing dependencies to run browsers. ║
    ║ Please install them with the following command:      ║
    ║                                                      ║
    ║     sudo npx playwright install-deps                 ║
    ║                                                      ║
    ║ Alternatively, use apt:                              ║
    ║     sudo apt-get install libnspr4\                   ║
    ║         libnss3\                                     ║
    ║         libasound2t64                                ║
    ║                                                      ║
    ║ <3 Playwright Team                                   ║
    ╚══════════════════════════════════════════════════════╝
]]>
</failure>
</testcase>
<testcase name="Spending Trends Analysis › should toggle projections feature" classname="spending-trends.spec.ts" time="0.01">
<failure message="spending-trends.spec.ts:272:7 should toggle projections feature" type="FAILURE">
<![CDATA[  [chromium] › spending-trends.spec.ts:272:7 › Spending Trends Analysis › should toggle projections feature 

    Error: browserType.launch: 
    ╔══════════════════════════════════════════════════════╗
    ║ Host system is missing dependencies to run browsers. ║
    ║ Please install them with the following command:      ║
    ║                                                      ║
    ║     sudo npx playwright install-deps                 ║
    ║                                                      ║
    ║ Alternatively, use apt:                              ║
    ║     sudo apt-get install libnspr4\                   ║
    ║         libnss3\                                     ║
    ║         libasound2t64                                ║
    ║                                                      ║
    ║ <3 Playwright Team                                   ║
    ╚══════════════════════════════════════════════════════╝
]]>
</failure>
</testcase>
<testcase name="Spending Trends Analysis › should handle loading states" classname="spending-trends.spec.ts" time="0.01">
<failure message="spending-trends.spec.ts:300:7 should handle loading states" type="FAILURE">
<![CDATA[  [chromium] › spending-trends.spec.ts:300:7 › Spending Trends Analysis › should handle loading states 

    Error: browserType.launch: 
    ╔══════════════════════════════════════════════════════╗
    ║ Host system is missing dependencies to run browsers. ║
    ║ Please install them with the following command:      ║
    ║                                                      ║
    ║     sudo npx playwright install-deps                 ║
    ║                                                      ║
    ║ Alternatively, use apt:                              ║
    ║     sudo apt-get install libnspr4\                   ║
    ║         libnss3\                                     ║
    ║         libasound2t64                                ║
    ║                                                      ║
    ║ <3 Playwright Team                                   ║
    ╚══════════════════════════════════════════════════════╝
]]>
</failure>
</testcase>
<testcase name="Spending Trends Analysis › should handle error states gracefully" classname="spending-trends.spec.ts" time="0.008">
<failure message="spending-trends.spec.ts:339:7 should handle error states gracefully" type="FAILURE">
<![CDATA[  [chromium] › spending-trends.spec.ts:339:7 › Spending Trends Analysis › should handle error states gracefully 

    Error: browserType.launch: 
    ╔══════════════════════════════════════════════════════╗
    ║ Host system is missing dependencies to run browsers. ║
    ║ Please install them with the following command:      ║
    ║                                                      ║
    ║     sudo npx playwright install-deps                 ║
    ║                                                      ║
    ║ Alternatively, use apt:                              ║
    ║     sudo apt-get install libnspr4\                   ║
    ║         libnss3\                                     ║
    ║         libasound2t64                                ║
    ║                                                      ║
    ║ <3 Playwright Team                                   ║
    ╚══════════════════════════════════════════════════════╝
]]>
</failure>
</testcase>
<testcase name="Spending Trends Analysis › should display tips and best practices section" classname="spending-trends.spec.ts" time="0.01">
<failure message="spending-trends.spec.ts:371:7 should display tips and best practices section" type="FAILURE">
<![CDATA[  [chromium] › spending-trends.spec.ts:371:7 › Spending Trends Analysis › should display tips and best practices section 

    Error: browserType.launch: 
    ╔══════════════════════════════════════════════════════╗
    ║ Host system is missing dependencies to run browsers. ║
    ║ Please install them with the following command:      ║
    ║                                                      ║
    ║     sudo npx playwright install-deps                 ║
    ║                                                      ║
    ║ Alternatively, use apt:                              ║
    ║     sudo apt-get install libnspr4\                   ║
    ║         libnss3\                                     ║
    ║         libasound2t64                                ║
    ║                                                      ║
    ║ <3 Playwright Team                                   ║
    ╚══════════════════════════════════════════════════════╝
]]>
</failure>
</testcase>
</testsuite>
<testsuite name="transactions.spec.ts" timestamp="2025-07-06T12:58:43.838Z" hostname="chromium" tests="10" failures="10" skipped="0" time="0.138" errors="0">
<testcase name="Transactions &amp; Spending › should load transactions page" classname="transactions.spec.ts" time="0.011">
<failure message="transactions.spec.ts:16:7 should load transactions page" type="FAILURE">
<![CDATA[  [chromium] › transactions.spec.ts:16:7 › Transactions & Spending › should load transactions page ─

    Error: browserType.launch: 
    ╔══════════════════════════════════════════════════════╗
    ║ Host system is missing dependencies to run browsers. ║
    ║ Please install them with the following command:      ║
    ║                                                      ║
    ║     sudo npx playwright install-deps                 ║
    ║                                                      ║
    ║ Alternatively, use apt:                              ║
    ║     sudo apt-get install libnspr4\                   ║
    ║         libnss3\                                     ║
    ║         libasound2t64                                ║
    ║                                                      ║
    ║ <3 Playwright Team                                   ║
    ╚══════════════════════════════════════════════════════╝
]]>
</failure>
</testcase>
<testcase name="Transactions &amp; Spending › should display transaction list with proper information" classname="transactions.spec.ts" time="0.011">
<failure message="transactions.spec.ts:51:7 should display transaction list with proper information" type="FAILURE">
<![CDATA[  [chromium] › transactions.spec.ts:51:7 › Transactions & Spending › should display transaction list with proper information 

    Error: browserType.launch: 
    ╔══════════════════════════════════════════════════════╗
    ║ Host system is missing dependencies to run browsers. ║
    ║ Please install them with the following command:      ║
    ║                                                      ║
    ║     sudo npx playwright install-deps                 ║
    ║                                                      ║
    ║ Alternatively, use apt:                              ║
    ║     sudo apt-get install libnspr4\                   ║
    ║         libnss3\                                     ║
    ║         libasound2t64                                ║
    ║                                                      ║
    ║ <3 Playwright Team                                   ║
    ╚══════════════════════════════════════════════════════╝
]]>
</failure>
</testcase>
<testcase name="Transactions &amp; Spending › should filter transactions by category" classname="transactions.spec.ts" time="0.01">
<failure message="transactions.spec.ts:77:7 should filter transactions by category" type="FAILURE">
<![CDATA[  [chromium] › transactions.spec.ts:77:7 › Transactions & Spending › should filter transactions by category 

    Error: browserType.launch: 
    ╔══════════════════════════════════════════════════════╗
    ║ Host system is missing dependencies to run browsers. ║
    ║ Please install them with the following command:      ║
    ║                                                      ║
    ║     sudo npx playwright install-deps                 ║
    ║                                                      ║
    ║ Alternatively, use apt:                              ║
    ║     sudo apt-get install libnspr4\                   ║
    ║         libnss3\                                     ║
    ║         libasound2t64                                ║
    ║                                                      ║
    ║ <3 Playwright Team                                   ║
    ╚══════════════════════════════════════════════════════╝
]]>
</failure>
</testcase>
<testcase name="Transactions &amp; Spending › should search transactions by name" classname="transactions.spec.ts" time="0.013">
<failure message="transactions.spec.ts:115:7 should search transactions by name" type="FAILURE">
<![CDATA[  [chromium] › transactions.spec.ts:115:7 › Transactions & Spending › should search transactions by name 

    Error: browserType.launch: 
    ╔══════════════════════════════════════════════════════╗
    ║ Host system is missing dependencies to run browsers. ║
    ║ Please install them with the following command:      ║
    ║                                                      ║
    ║     sudo npx playwright install-deps                 ║
    ║                                                      ║
    ║ Alternatively, use apt:                              ║
    ║     sudo apt-get install libnspr4\                   ║
    ║         libnss3\                                     ║
    ║         libasound2t64                                ║
    ║                                                      ║
    ║ <3 Playwright Team                                   ║
    ╚══════════════════════════════════════════════════════╝
]]>
</failure>
</testcase>
<testcase name="Transactions &amp; Spending › should display spending breakdown and charts" classname="transactions.spec.ts" time="0.022">
<failure message="transactions.spec.ts:154:7 should display spending breakdown and charts" type="FAILURE">
<![CDATA[  [chromium] › transactions.spec.ts:154:7 › Transactions & Spending › should display spending breakdown and charts 

    Error: browserType.launch: 
    ╔══════════════════════════════════════════════════════╗
    ║ Host system is missing dependencies to run browsers. ║
    ║ Please install them with the following command:      ║
    ║                                                      ║
    ║     sudo npx playwright install-deps                 ║
    ║                                                      ║
    ║ Alternatively, use apt:                              ║
    ║     sudo apt-get install libnspr4\                   ║
    ║         libnss3\                                     ║
    ║         libasound2t64                                ║
    ║                                                      ║
    ║ <3 Playwright Team                                   ║
    ╚══════════════════════════════════════════════════════╝
]]>
</failure>
</testcase>
<testcase name="Transactions &amp; Spending › should handle AI categorization feature" classname="transactions.spec.ts" time="0.019">
<failure message="transactions.spec.ts:178:7 should handle AI categorization feature" type="FAILURE">
<![CDATA[  [chromium] › transactions.spec.ts:178:7 › Transactions & Spending › should handle AI categorization feature 

    Error: browserType.launch: 
    ╔══════════════════════════════════════════════════════╗
    ║ Host system is missing dependencies to run browsers. ║
    ║ Please install them with the following command:      ║
    ║                                                      ║
    ║     sudo npx playwright install-deps                 ║
    ║                                                      ║
    ║ Alternatively, use apt:                              ║
    ║     sudo apt-get install libnspr4\                   ║
    ║         libnss3\                                     ║
    ║         libasound2t64                                ║
    ║                                                      ║
    ║ <3 Playwright Team                                   ║
    ╚══════════════════════════════════════════════════════╝
]]>
</failure>
</testcase>
<testcase name="Transactions &amp; Spending › should allow manual category editing" classname="transactions.spec.ts" time="0.023">
<failure message="transactions.spec.ts:209:7 should allow manual category editing" type="FAILURE">
<![CDATA[  [chromium] › transactions.spec.ts:209:7 › Transactions & Spending › should allow manual category editing 

    Error: browserType.launch: 
    ╔══════════════════════════════════════════════════════╗
    ║ Host system is missing dependencies to run browsers. ║
    ║ Please install them with the following command:      ║
    ║                                                      ║
    ║     sudo npx playwright install-deps                 ║
    ║                                                      ║
    ║ Alternatively, use apt:                              ║
    ║     sudo apt-get install libnspr4\                   ║
    ║         libnss3\                                     ║
    ║         libasound2t64                                ║
    ║                                                      ║
    ║ <3 Playwright Team                                   ║
    ╚══════════════════════════════════════════════════════╝
]]>
</failure>
</testcase>
<testcase name="Transactions &amp; Spending › should paginate through transaction history" classname="transactions.spec.ts" time="0.012">
<failure message="transactions.spec.ts:252:7 should paginate through transaction history" type="FAILURE">
<![CDATA[  [chromium] › transactions.spec.ts:252:7 › Transactions & Spending › should paginate through transaction history 

    Error: browserType.launch: 
    ╔══════════════════════════════════════════════════════╗
    ║ Host system is missing dependencies to run browsers. ║
    ║ Please install them with the following command:      ║
    ║                                                      ║
    ║     sudo npx playwright install-deps                 ║
    ║                                                      ║
    ║ Alternatively, use apt:                              ║
    ║     sudo apt-get install libnspr4\                   ║
    ║         libnss3\                                     ║
    ║         libasound2t64                                ║
    ║                                                      ║
    ║ <3 Playwright Team                                   ║
    ╚══════════════════════════════════════════════════════╝
]]>
</failure>
</testcase>
<testcase name="Transactions &amp; Spending › should handle date range filtering" classname="transactions.spec.ts" time="0.008">
<failure message="transactions.spec.ts:288:7 should handle date range filtering" type="FAILURE">
<![CDATA[  [chromium] › transactions.spec.ts:288:7 › Transactions & Spending › should handle date range filtering 

    Error: browserType.launch: 
    ╔══════════════════════════════════════════════════════╗
    ║ Host system is missing dependencies to run browsers. ║
    ║ Please install them with the following command:      ║
    ║                                                      ║
    ║     sudo npx playwright install-deps                 ║
    ║                                                      ║
    ║ Alternatively, use apt:                              ║
    ║     sudo apt-get install libnspr4\                   ║
    ║         libnss3\                                     ║
    ║         libasound2t64                                ║
    ║                                                      ║
    ║ <3 Playwright Team                                   ║
    ╚══════════════════════════════════════════════════════╝
]]>
</failure>
</testcase>
<testcase name="Transactions &amp; Spending › should export transactions data" classname="transactions.spec.ts" time="0.009">
<failure message="transactions.spec.ts:312:7 should export transactions data" type="FAILURE">
<![CDATA[  [chromium] › transactions.spec.ts:312:7 › Transactions & Spending › should export transactions data 

    Error: browserType.launch: 
    ╔══════════════════════════════════════════════════════╗
    ║ Host system is missing dependencies to run browsers. ║
    ║ Please install them with the following command:      ║
    ║                                                      ║
    ║     sudo npx playwright install-deps                 ║
    ║                                                      ║
    ║ Alternatively, use apt:                              ║
    ║     sudo apt-get install libnspr4\                   ║
    ║         libnss3\                                     ║
    ║         libasound2t64                                ║
    ║                                                      ║
    ║ <3 Playwright Team                                   ║
    ╚══════════════════════════════════════════════════════╝
]]>
</failure>
</testcase>
</testsuite>
<testsuite name="ai-chat.spec.ts" timestamp="2025-07-06T12:58:43.838Z" hostname="firefox" tests="12" failures="12" skipped="0" time="0.135" errors="0">
[...]
<testcase name="Authentication Flow › should handle invalid login credentials" classname="authentication.spec.ts" time="0">
<skipped>
</skipped>
</testcase>
<testcase name="Authentication Flow › should redirect unauthenticated users from protected routes" classname="authentication.spec.ts" time="0">
<skipped>
</skipped>
</testcase>
<testcase name="Authentication Flow › should navigate between login and signup" classname="authentication.spec.ts" time="0">
<skipped>
</skipped>
</testcase>
<testcase name="Authentication Flow › should show password visibility toggle" classname="authentication.spec.ts" time="0">
<skipped>
</skipped>
</testcase>
<testcase name="Authentication Flow › should handle forgot password link" classname="authentication.spec.ts" time="0">
<skipped>
</skipped>
</testcase>
<testcase name="Authenticated User Flow › should access dashboard when authenticated" classname="authentication.spec.ts" time="0">
<skipped>
</skipped>
</testcase>
<testcase name="Authenticated User Flow › should show navigation menu when authenticated" classname="authentication.spec.ts" time="0">
<skipped>
</skipped>
</testcase>
</testsuite>
<testsuite name="dashboard.spec.ts" timestamp="2025-07-06T12:58:43.838Z" hostname="Mobile Chrome" tests="9" failures="0" skipped="9" time="0" errors="0">
<testcase name="Dashboard › should load dashboard with overview cards" classname="dashboard.spec.ts" time="0">
<skipped>
</skipped>
</testcase>
<testcase name="Dashboard › should display account balance information" classname="dashboard.spec.ts" time="0">
<skipped>
</skipped>
</testcase>
<testcase name="Dashboard › should show recent transactions" classname="dashboard.spec.ts" time="0">
<skipped>
</skipped>
</testcase>
<testcase name="Dashboard › should display spending breakdown chart" classname="dashboard.spec.ts" time="0">
<skipped>
</skipped>
</testcase>
<testcase name="Dashboard › should navigate to different sections from dashboard" classname="dashboard.spec.ts" time="0">
<skipped>
</skipped>
</testcase>
<testcase name="Dashboard › should handle loading states" classname="dashboard.spec.ts" time="0">
<skipped>
</skipped>
</testcase>
<testcase name="Dashboard › should handle error states gracefully" classname="dashboard.spec.ts" time="0">
<skipped>
</skipped>
</testcase>
<testcase name="Dashboard › should be responsive on mobile devices" classname="dashboard.spec.ts" time="0">
<skipped>
</skipped>
</testcase>
<testcase name="Dashboard › should update data when refresh button is clicked" classname="dashboard.spec.ts" time="0">
<skipped>
</skipped>
</testcase>
</testsuite>
<testsuite name="homepage.spec.ts" timestamp="2025-07-06T12:58:43.838Z" hostname="Mobile Chrome" tests="5" failures="0" skipped="5" time="0" errors="0">
<testcase name="Homepage › should load homepage without errors" classname="homepage.spec.ts" time="0">
<skipped>
</skipped>
</testcase>
<testcase name="Homepage › should display navigation elements" classname="homepage.spec.ts" time="0">
<skipped>
</skipped>
</testcase>
<testcase name="Homepage › should have proper meta tags for SEO" classname="homepage.spec.ts" time="0">
<skipped>
</skipped>
</testcase>
<testcase name="Homepage › should be responsive on mobile" classname="homepage.spec.ts" time="0">
<skipped>
</skipped>
</testcase>
<testcase name="Homepage › should handle dark mode toggle if available" classname="homepage.spec.ts" time="0">
<skipped>
</skipped>
</testcase>
</testsuite>
<testsuite name="plaid-integration.spec.ts" timestamp="2025-07-06T12:58:43.838Z" hostname="Mobile Chrome" tests="8" failures="0" skipped="8" time="0" errors="0">
<testcase name="Plaid Integration › should display account connection interface" classname="plaid-integration.spec.ts" time="0">
<skipped>
</skipped>
</testcase>
<testcase name="Plaid Integration › should open Plaid Link when connecting new account" classname="plaid-integration.spec.ts" time="0">
<skipped>
</skipped>
</testcase>
<testcase name="Plaid Integration › should handle Plaid Link success and exchange token" classname="plaid-integration.spec.ts" time="0">
<skipped>
</skipped>
</testcase>
<testcase name="Plaid Integration › should display connected accounts list" classname="plaid-integration.spec.ts" time="0">
<skipped>
</skipped>
</testcase>
<testcase name="Plaid Integration › should handle account removal" classname="plaid-integration.spec.ts" time="0">
<skipped>
</skipped>
</testcase>
<testcase name="Plaid Integration › should handle Plaid Link errors gracefully" classname="plaid-integration.spec.ts" time="0">
<skipped>
</skipped>
</testcase>
<testcase name="Plaid Integration › should refresh account data" classname="plaid-integration.spec.ts" time="0">
<skipped>
</skipped>
</testcase>
<testcase name="Plaid Integration › should display account types correctly" classname="plaid-integration.spec.ts" time="0">
<skipped>
</skipped>
</testcase>
</testsuite>
<testsuite name="spending-trends.spec.ts" timestamp="2025-07-06T12:58:43.838Z" hostname="Mobile Chrome" tests="12" failures="0" skipped="12" time="0" errors="0">
<testcase name="Spending Trends Analysis › should load spending trends page" classname="spending-trends.spec.ts" time="0">
<skipped>
</skipped>
</testcase>
<testcase name="Spending Trends Analysis › should display analysis type options" classname="spending-trends.spec.ts" time="0">
<skipped>
</skipped>
</testcase>
<testcase name="Spending Trends Analysis › should load and display spending trends component" classname="spending-trends.spec.ts" time="0">
<skipped>
</skipped>
</testcase>
<testcase name="Spending Trends Analysis › should change analysis timeframe" classname="spending-trends.spec.ts" time="0">
<skipped>
</skipped>
</testcase>
<testcase name="Spending Trends Analysis › should change analysis type" classname="spending-trends.spec.ts" time="0">
<skipped>
</skipped>
</testcase>
<testcase name="Spending Trends Analysis › should display spending charts" classname="spending-trends.spec.ts" time="0">
<skipped>
</skipped>
</testcase>
<testcase name="Spending Trends Analysis › should display AI-generated insights" classname="spending-trends.spec.ts" time="0">
<skipped>
</skipped>
</testcase>
<testcase name="Spending Trends Analysis › should display data table" classname="spending-trends.spec.ts" time="0">
<skipped>
</skipped>
</testcase>
<testcase name="Spending Trends Analysis › should toggle projections feature" classname="spending-trends.spec.ts" time="0">
<skipped>
</skipped>
</testcase>
<testcase name="Spending Trends Analysis › should handle loading states" classname="spending-trends.spec.ts" time="0">
<skipped>
</skipped>
</testcase>
<testcase name="Spending Trends Analysis › should handle error states gracefully" classname="spending-trends.spec.ts" time="0">
<skipped>
</skipped>
</testcase>
<testcase name="Spending Trends Analysis › should display tips and best practices section" classname="spending-trends.spec.ts" time="0">
<skipped>
</skipped>
</testcase>
</testsuite>
<testsuite name="transactions.spec.ts" timestamp="2025-07-06T12:58:43.838Z" hostname="Mobile Chrome" tests="10" failures="0" skipped="10" time="0" errors="0">
<testcase name="Transactions &amp; Spending › should load transactions page" classname="transactions.spec.ts" time="0">
<skipped>
</skipped>
</testcase>
<testcase name="Transactions &amp; Spending › should display transaction list with proper information" classname="transactions.spec.ts" time="0">
<skipped>
</skipped>
</testcase>
<testcase name="Transactions &amp; Spending › should filter transactions by category" classname="transactions.spec.ts" time="0">
<skipped>
</skipped>
</testcase>
<testcase name="Transactions &amp; Spending › should search transactions by name" classname="transactions.spec.ts" time="0">
<skipped>
</skipped>
</testcase>
<testcase name="Transactions &amp; Spending › should display spending breakdown and charts" classname="transactions.spec.ts" time="0">
<skipped>
</skipped>
</testcase>
<testcase name="Transactions &amp; Spending › should handle AI categorization feature" classname="transactions.spec.ts" time="0">
<skipped>
</skipped>
</testcase>
<testcase name="Transactions &amp; Spending › should allow manual category editing" classname="transactions.spec.ts" time="0">
<skipped>
</skipped>
</testcase>
<testcase name="Transactions &amp; Spending › should paginate through transaction history" classname="transactions.spec.ts" time="0">
<skipped>
</skipped>
</testcase>
<testcase name="Transactions &amp; Spending › should handle date range filtering" classname="transactions.spec.ts" time="0">
<skipped>
</skipped>
</testcase>
<testcase name="Transactions &amp; Spending › should export transactions data" classname="transactions.spec.ts" time="0">
<skipped>
</skipped>
</testcase>
</testsuite>
<testsuite name="ai-chat.spec.ts" timestamp="2025-07-06T12:58:43.838Z" hostname="Mobile Safari" tests="12" failures="0" skipped="12" time="0" errors="0">
<testcase name="AI Chat Interface › should load AI chat page" classname="ai-chat.spec.ts" time="0">
<skipped>
</skipped>
</testcase>
<testcase name="AI Chat Interface › should send and receive messages" classname="ai-chat.spec.ts" time="0">
<skipped>
</skipped>
</testcase>
<testcase name="AI Chat Interface › should display conversation history" classname="ai-chat.spec.ts" time="0">
<skipped>
</skipped>
</testcase>
<testcase name="AI Chat Interface › should handle typing indicators" classname="ai-chat.spec.ts" time="0">
<skipped>
</skipped>
</testcase>
<testcase name="AI Chat Interface › should handle financial data queries" classname="ai-chat.spec.ts" time="0">
<skipped>
</skipped>
</testcase>
<testcase name="AI Chat Interface › should display data visualizations" classname="ai-chat.spec.ts" time="0">
<skipped>
</skipped>
</testcase>
<testcase name="AI Chat Interface › should provide message actions" classname="ai-chat.spec.ts" time="0">
<skipped>
</skipped>
</testcase>
<testcase name="AI Chat Interface › should handle conversation export" classname="ai-chat.spec.ts" time="0">
<skipped>
</skipped>
</testcase>
<testcase name="AI Chat Interface › should clear conversation" classname="ai-chat.spec.ts" time="0">
<skipped>
</skipped>
</testcase>
<testcase name="AI Chat Interface › should handle error responses gracefully" classname="ai-chat.spec.ts" time="0">
<skipped>
</skipped>
</testcase>
<testcase name="AI Chat Interface › should be responsive on mobile" classname="ai-chat.spec.ts" time="0">
<skipped>
</skipped>
</testcase>
<testcase name="AI Chat Interface › should handle keyboard shortcuts" classname="ai-chat.spec.ts" time="0">
<skipped>
</skipped>
</testcase>
</testsuite>
<testsuite name="authentication.spec.ts" timestamp="2025-07-06T12:58:43.838Z" hostname="Mobile Safari" tests="10" failures="0" skipped="10" time="0" errors="0">
<testcase name="Authentication Flow › should display login page" classname="authentication.spec.ts" time="0">
<skipped>
</skipped>
</testcase>
<testcase name="Authentication Flow › should display signup page" classname="authentication.spec.ts" time="0">
<skipped>
</skipped>
</testcase>
<testcase name="Authentication Flow › should handle login form validation" classname="authentication.spec.ts" time="0">
<skipped>
</skipped>
</testcase>
<testcase name="Authentication Flow › should handle invalid login credentials" classname="authentication.spec.ts" time="0">
<skipped>
</skipped>
</testcase>
<testcase name="Authentication Flow › should redirect unauthenticated users from protected routes" classname="authentication.spec.ts" time="0">
<skipped>
</skipped>
</testcase>
<testcase name="Authentication Flow › should navigate between login and signup" classname="authentication.spec.ts" time="0">
<skipped>
</skipped>
</testcase>
<testcase name="Authentication Flow › should show password visibility toggle" classname="authentication.spec.ts" time="0">
<skipped>
</skipped>
</testcase>
<testcase name="Authentication Flow › should handle forgot password link" classname="authentication.spec.ts" time="0">
<skipped>
</skipped>
</testcase>
<testcase name="Authenticated User Flow › should access dashboard when authenticated" classname="authentication.spec.ts" time="0">
<skipped>
</skipped>
</testcase>
<testcase name="Authenticated User Flow › should show navigation menu when authenticated" classname="authentication.spec.ts" time="0">
<skipped>
</skipped>
</testcase>
</testsuite>
<testsuite name="dashboard.spec.ts" timestamp="2025-07-06T12:58:43.838Z" hostname="Mobile Safari" tests="9" failures="0" skipped="9" time="0" errors="0">
<testcase name="Dashboard › should load dashboard with overview cards" classname="dashboard.spec.ts" time="0">
<skipped>
</skipped>
</testcase>
<testcase name="Dashboard › should display account balance information" classname="dashboard.spec.ts" time="0">
<skipped>
</skipped>
</testcase>
<testcase name="Dashboard › should show recent transactions" classname="dashboard.spec.ts" time="0">
<skipped>
</skipped>
</testcase>
<testcase name="Dashboard › should display spending breakdown chart" classname="dashboard.spec.ts" time="0">
<skipped>
</skipped>
</testcase>
<testcase name="Dashboard › should navigate to different sections from dashboard" classname="dashboard.spec.ts" time="0">
<skipped>
</skipped>
</testcase>
<testcase name="Dashboard › should handle loading states" classname="dashboard.spec.ts" time="0">
<skipped>
</skipped>
</testcase>
<testcase name="Dashboard › should handle error states gracefully" classname="dashboard.spec.ts" time="0">
<skipped>
</skipped>
</testcase>
<testcase name="Dashboard › should be responsive on mobile devices" classname="dashboard.spec.ts" time="0">
<skipped>
</skipped>
</testcase>
<testcase name="Dashboard › should update data when refresh button is clicked" classname="dashboard.spec.ts" time="0">
<skipped>
</skipped>
</testcase>
</testsuite>
<testsuite name="homepage.spec.ts" timestamp="2025-07-06T12:58:43.838Z" hostname="Mobile Safari" tests="5" failures="0" skipped="5" time="0" errors="0">
<testcase name="Homepage › should load homepage without errors" classname="homepage.spec.ts" time="0">
<skipped>
</skipped>
</testcase>
<testcase name="Homepage › should display navigation elements" classname="homepage.spec.ts" time="0">
<skipped>
</skipped>
</testcase>
<testcase name="Homepage › should have proper meta tags for SEO" classname="homepage.spec.ts" time="0">
<skipped>
</skipped>
</testcase>
<testcase name="Homepage › should be responsive on mobile" classname="homepage.spec.ts" time="0">
<skipped>
</skipped>
</testcase>
<testcase name="Homepage › should handle dark mode toggle if available" classname="homepage.spec.ts" time="0">
<skipped>
</skipped>
</testcase>
</testsuite>
<testsuite name="plaid-integration.spec.ts" timestamp="2025-07-06T12:58:43.838Z" hostname="Mobile Safari" tests="8" failures="0" skipped="8" time="0" errors="0">
<testcase name="Plaid Integration › should display account connection interface" classname="plaid-integration.spec.ts" time="0">
<skipped>
</skipped>
</testcase>
<testcase name="Plaid Integration › should open Plaid Link when connecting new account" classname="plaid-integration.spec.ts" time="0">
<skipped>
</skipped>
</testcase>
<testcase name="Plaid Integration › should handle Plaid Link success and exchange token" classname="plaid-integration.spec.ts" time="0">
<skipped>
</skipped>
</testcase>
<testcase name="Plaid Integration › should display connected accounts list" classname="plaid-integration.spec.ts" time="0">
<skipped>
</skipped>
</testcase>
<testcase name="Plaid Integration › should handle account removal" classname="plaid-integration.spec.ts" time="0">
<skipped>
</skipped>
</testcase>
<testcase name="Plaid Integration › should handle Plaid Link errors gracefully" classname="plaid-integration.spec.ts" time="0">
<skipped>
</skipped>
</testcase>
<testcase name="Plaid Integration › should refresh account data" classname="plaid-integration.spec.ts" time="0">
<skipped>
</skipped>
</testcase>
<testcase name="Plaid Integration › should display account types correctly" classname="plaid-integration.spec.ts" time="0">
<skipped>
</skipped>
</testcase>
</testsuite>
<testsuite name="spending-trends.spec.ts" timestamp="2025-07-06T12:58:43.838Z" hostname="Mobile Safari" tests="12" failures="0" skipped="12" time="0" errors="0">
<testcase name="Spending Trends Analysis › should load spending trends page" classname="spending-trends.spec.ts" time="0">
<skipped>
</skipped>
</testcase>
<testcase name="Spending Trends Analysis › should display analysis type options" classname="spending-trends.spec.ts" time="0">
<skipped>
</skipped>
</testcase>
<testcase name="Spending Trends Analysis › should load and display spending trends component" classname="spending-trends.spec.ts" time="0">
<skipped>
</skipped>
</testcase>
<testcase name="Spending Trends Analysis › should change analysis timeframe" classname="spending-trends.spec.ts" time="0">
<skipped>
</skipped>
</testcase>
<testcase name="Spending Trends Analysis › should change analysis type" classname="spending-trends.spec.ts" time="0">
<skipped>
</skipped>
</testcase>
<testcase name="Spending Trends Analysis › should display spending charts" classname="spending-trends.spec.ts" time="0">
<skipped>
</skipped>
</testcase>
<testcase name="Spending Trends Analysis › should display AI-generated insights" classname="spending-trends.spec.ts" time="0">
<skipped>
</skipped>
</testcase>
<testcase name="Spending Trends Analysis › should display data table" classname="spending-trends.spec.ts" time="0">
<skipped>
</skipped>
</testcase>
<testcase name="Spending Trends Analysis › should toggle projections feature" classname="spending-trends.spec.ts" time="0">
<skipped>
</skipped>
</testcase>
<testcase name="Spending Trends Analysis › should handle loading states" classname="spending-trends.spec.ts" time="0">
<skipped>
</skipped>
</testcase>
<testcase name="Spending Trends Analysis › should handle error states gracefully" classname="spending-trends.spec.ts" time="0">
<skipped>
</skipped>
</testcase>
<testcase name="Spending Trends Analysis › should display tips and best practices section" classname="spending-trends.spec.ts" time="0">
<skipped>
</skipped>
</testcase>
</testsuite>
<testsuite name="transactions.spec.ts" timestamp="2025-07-06T12:58:43.838Z" hostname="Mobile Safari" tests="10" failures="0" skipped="10" time="0" errors="0">
<testcase name="Transactions &amp; Spending › should load transactions page" classname="transactions.spec.ts" time="0">
<skipped>
</skipped>
</testcase>
<testcase name="Transactions &amp; Spending › should display transaction list with proper information" classname="transactions.spec.ts" time="0">
<skipped>
</skipped>
</testcase>
<testcase name="Transactions &amp; Spending › should filter transactions by category" classname="transactions.spec.ts" time="0">
<skipped>
</skipped>
</testcase>
<testcase name="Transactions &amp; Spending › should search transactions by name" classname="transactions.spec.ts" time="0">
<skipped>
</skipped>
</testcase>
<testcase name="Transactions &amp; Spending › should display spending breakdown and charts" classname="transactions.spec.ts" time="0">
<skipped>
</skipped>
</testcase>
<testcase name="Transactions &amp; Spending › should handle AI categorization feature" classname="transactions.spec.ts" time="0">
<skipped>
</skipped>
</testcase>
<testcase name="Transactions &amp; Spending › should allow manual category editing" classname="transactions.spec.ts" time="0">
<skipped>
</skipped>
</testcase>
<testcase name="Transactions &amp; Spending › should paginate through transaction history" classname="transactions.spec.ts" time="0">
<skipped>
</skipped>
</testcase>
<testcase name="Transactions &amp; Spending › should handle date range filtering" classname="transactions.spec.ts" time="0">
<skipped>
</skipped>
</testcase>
<testcase name="Transactions &amp; Spending › should export transactions data" classname="transactions.spec.ts" time="0">
<skipped>
</skipped>
</testcase>
</testsuite>
</testsuites>